c:\users\我\desktop\新建文件夹 (2)\color\camdigits\x64\debug\vc120.pdb
c:\users\我\desktop\新建文件夹 (2)\color\camdigits\x64\debug\ocr.obj
c:\users\我\desktop\新建文件夹 (2)\color\camdigits\x64\debug\main.obj
c:\users\我\desktop\新建文件夹 (2)\color\camdigits\x64\debug\moc_camdigits.obj
c:\users\我\desktop\新建文件夹 (2)\color\camdigits\x64\debug\camdigits.obj
c:\users\我\desktop\新建文件夹 (2)\color\camdigits\x64\debug\qrc_camdigits.obj
c:\users\我\desktop\新建文件夹 (2)\color\camdigits\generatedfiles\debug\moc_camdigits.cpp
c:\users\我\desktop\新建文件夹 (2)\color\camdigits\generatedfiles\ui_camdigits.h
c:\users\我\desktop\新建文件夹 (2)\color\camdigits\generatedfiles\qrc_camdigits.cpp
c:\users\我\desktop\新建文件夹 (2)\color\x64\debug\camdigits.ilk
c:\users\我\desktop\新建文件夹 (2)\color\x64\debug\camdigits.exe
c:\users\我\desktop\新建文件夹 (2)\color\x64\debug\camdigits.pdb
c:\users\我\desktop\新建文件夹 (2)\color\camdigits\x64\debug\camdigits.tlog\cl.command.1.tlog
c:\users\我\desktop\新建文件夹 (2)\color\camdigits\x64\debug\camdigits.tlog\cl.read.1.tlog
c:\users\我\desktop\新建文件夹 (2)\color\camdigits\x64\debug\camdigits.tlog\cl.write.1.tlog
c:\users\我\desktop\新建文件夹 (2)\color\camdigits\x64\debug\camdigits.tlog\custombuild.command.1.tlog
c:\users\我\desktop\新建文件夹 (2)\color\camdigits\x64\debug\camdigits.tlog\custombuild.read.1.tlog
c:\users\我\desktop\新建文件夹 (2)\color\camdigits\x64\debug\camdigits.tlog\custombuild.write.1.tlog
c:\users\我\desktop\新建文件夹 (2)\color\camdigits\x64\debug\camdigits.tlog\link.command.1.tlog
c:\users\我\desktop\新建文件夹 (2)\color\camdigits\x64\debug\camdigits.tlog\link.read.1.tlog
c:\users\我\desktop\新建文件夹 (2)\color\camdigits\x64\debug\camdigits.tlog\link.write.1.tlog
